2015-11-24 21:08:40 -  - exec CUpdateClientPartner::GetUpdatesList
2015-11-24 21:08:40 -  - exec CUpdateClientPartner::__CollectRequestData
2015-11-24 21:08:40 -  - utf=Y&lang=ru&stable=Y&CANGZIP=Y&SUPD_DBS=MYSQL&XE=N&CLIENT_SITE=localhost&LICENSE_KEY=X&SUPD_STS=1&SUPD_URS=1&SUPD_URSA=1&TYPENC=D&CLIENT_PHPVER=5.4.42&dbv=5.5.44&instm=main%2C15.5.0%2CY%3Biblock%2C15.5.0%2CN%3Bsearch%2C15.0.1%2CN%3Bphotogallery%2C15.0.0%2CN%3Bsubscribe%2C15.0.2%2CN%3Bblog%2C15.0.4%2CN%3Blists%2C15.5.1%2CN%3Bbizproc%2C15.5.0%2CN%3Badvertising%2C15.5.0%2CN%3Bhighloadblock%2C15.0.3%2CN%3Blearning%2C15.0.0%2CN%3Bextranet%2C15.0.4%2CN%3Bwiki%2C15.0.0%2CN%3Btranslate%2C14.0.0%2CN%3Bcluster%2C15.0.0%2CN%3Bsocialservices%2C15.5.0%2CN%3Bsecurity%2C15.0.10%2CN%3Bldap%2C15.0.0%2CN%3Bxdimport%2C14.5.1%2CN%3Bwebdav%2C15.0.13%2CN%3Bclouds%2C15.5.0%2CN%3Bintranet%2C15.5.6%2CN%3Bforum%2C15.0.7%2CN%3Bsupport%2C14.5.1%2CN%3Bperfmon%2C15.0.3%2CN%3Bim%2C15.5.5%2CN%3Bworkflow%2C14.5.1%2CN%3Bmobile%2C15.5.2%2CN%3Bmail%2C15.0.4%2CN%3Bidea%2C15.0.1%2CN%3Bsocialnetwork%2C15.5.0%2CN%3Btasks%2C14.5.12%2CN%3Bvoximplant%2C15.5.4%2CN%3Bbitrixcloud%2C15.0.1%2CN%3Bdav%2C15.0.3%2CN%3Bstatistic%2C15.0.1%2CN%3Bmeeting%2C14.5.0%2CN%3Bwebservice%2C11.5.0%2CN%3Bsender%2C15.0.2%2CN%3Bfileman%2C15.5.0%2CN%3Bcatalog%2C15.0.9%2CN%3Bcalendar%2C15.0.3%2CN%3Bcrm%2C15.1.1%2CN%3Bform%2C15.0.1%2CN%3Bscale%2C14.5.2%2CN%3Bdev_module%2C0.1%2CN%3Bbizprocdesigner%2C15.0.1%2CN%3Bsale%2C14.11.10%2CN%3Btimeman%2C15.0.1%2CN%3Bvote%2C15.0.0%2CN%3Bcompression%2C14.0.0%2CN%3Bcurrency%2C15.0.4%2CN%3Bmobileapp%2C15.0.5%2CN%3Bdisk%2C15.5.13%2CN%3Bxmpp%2C15.0.1%2CN%3Bcontroller%2C15.0.1%2CN%3Breport%2C14.5.4%2CN%3Bpull%2C15.5.0%2CN&fullmoduleinfo=Y&SUPD_SRS=RU&SUPD_CMP=N
2015-11-24 21:08:40 -  - exec CUpdateClientPartner::GetHTTPPage
2015-11-24 21:08:40 -  - TIME GetUpdatesList(request) 0.455 sec
2015-11-24 21:08:40 -  - exec CUpdateClientPartner::ParseServerData
2015-11-24 21:08:48 -  - exec CUpdateClientPartner::GetUpdatesList
2015-11-24 21:08:48 -  - exec CUpdateClientPartner::__CollectRequestData
2015-11-24 21:08:48 -  - utf=Y&lang=ru&stable=Y&CANGZIP=Y&SUPD_DBS=MYSQL&XE=N&CLIENT_SITE=localhost&LICENSE_KEY=X&SUPD_STS=1&SUPD_URS=1&SUPD_URSA=1&TYPENC=D&CLIENT_PHPVER=5.4.42&dbv=5.5.44&instm=main%2C15.5.0%2CY%3Biblock%2C15.5.0%2CN%3Bsearch%2C15.0.1%2CN%3Bphotogallery%2C15.0.0%2CN%3Bsubscribe%2C15.0.2%2CN%3Bblog%2C15.0.4%2CN%3Blists%2C15.5.1%2CN%3Bbizproc%2C15.5.0%2CN%3Badvertising%2C15.5.0%2CN%3Bhighloadblock%2C15.0.3%2CN%3Blearning%2C15.0.0%2CN%3Bextranet%2C15.0.4%2CN%3Bwiki%2C15.0.0%2CN%3Btranslate%2C14.0.0%2CN%3Bcluster%2C15.0.0%2CN%3Bsocialservices%2C15.5.0%2CN%3Bsecurity%2C15.0.10%2CN%3Bldap%2C15.0.0%2CN%3Bxdimport%2C14.5.1%2CN%3Bwebdav%2C15.0.13%2CN%3Bclouds%2C15.5.0%2CN%3Bintranet%2C15.5.6%2CN%3Bforum%2C15.0.7%2CN%3Bsupport%2C14.5.1%2CN%3Bperfmon%2C15.0.3%2CN%3Bim%2C15.5.5%2CN%3Bworkflow%2C14.5.1%2CN%3Bmobile%2C15.5.2%2CN%3Bmail%2C15.0.4%2CN%3Bidea%2C15.0.1%2CN%3Bsocialnetwork%2C15.5.0%2CN%3Btasks%2C14.5.12%2CN%3Bvoximplant%2C15.5.4%2CN%3Bbitrixcloud%2C15.0.1%2CN%3Bdav%2C15.0.3%2CN%3Bstatistic%2C15.0.1%2CN%3Bmeeting%2C14.5.0%2CN%3Bwebservice%2C11.5.0%2CN%3Bsender%2C15.0.2%2CN%3Bfileman%2C15.5.0%2CN%3Bcatalog%2C15.0.9%2CN%3Bcalendar%2C15.0.3%2CN%3Bcrm%2C15.1.1%2CN%3Bform%2C15.0.1%2CN%3Bscale%2C14.5.2%2CN%3Bdev_module%2C0.1%2CN%3Bbizprocdesigner%2C15.0.1%2CN%3Bsale%2C14.11.10%2CN%3Btimeman%2C15.0.1%2CN%3Bvote%2C15.0.0%2CN%3Bcompression%2C14.0.0%2CN%3Bcurrency%2C15.0.4%2CN%3Bmobileapp%2C15.0.5%2CN%3Bdisk%2C15.5.13%2CN%3Bxmpp%2C15.0.1%2CN%3Bcontroller%2C15.0.1%2CN%3Breport%2C14.5.4%2CN%3Bpull%2C15.5.0%2CN&fullmoduleinfo=Y&SUPD_SRS=RU&SUPD_CMP=N
2015-11-24 21:08:48 -  - exec CUpdateClientPartner::GetHTTPPage
2015-11-24 21:08:48 -  - TIME GetUpdatesList(request) 0.239 sec
2015-11-24 21:08:48 -  - exec CUpdateClientPartner::ParseServerData
2015-11-24 21:09:02 -  - exec CUpdateClientPartner::GetUpdatesList
2015-11-24 21:09:02 -  - exec CUpdateClientPartner::__CollectRequestData
2015-11-24 21:09:02 -  - utf=Y&lang=ru&stable=Y&CANGZIP=Y&SUPD_DBS=MYSQL&XE=N&CLIENT_SITE=localhost&LICENSE_KEY=X&SUPD_STS=1&SUPD_URS=1&SUPD_URSA=1&TYPENC=D&CLIENT_PHPVER=5.4.42&dbv=5.5.44&instm=main%2C15.5.0%2CY%3Biblock%2C15.5.0%2CN%3Bsearch%2C15.0.1%2CN%3Bphotogallery%2C15.0.0%2CN%3Bsubscribe%2C15.0.2%2CN%3Bblog%2C15.0.4%2CN%3Blists%2C15.5.1%2CN%3Bbizproc%2C15.5.0%2CN%3Badvertising%2C15.5.0%2CN%3Bhighloadblock%2C15.0.3%2CN%3Blearning%2C15.0.0%2CN%3Bextranet%2C15.0.4%2CN%3Bwiki%2C15.0.0%2CN%3Btranslate%2C14.0.0%2CN%3Bcluster%2C15.0.0%2CN%3Bsocialservices%2C15.5.0%2CN%3Bsecurity%2C15.0.10%2CN%3Bldap%2C15.0.0%2CN%3Bxdimport%2C14.5.1%2CN%3Bwebdav%2C15.0.13%2CN%3Bclouds%2C15.5.0%2CN%3Bintranet%2C15.5.6%2CN%3Bforum%2C15.0.7%2CN%3Bsupport%2C14.5.1%2CN%3Bperfmon%2C15.0.3%2CN%3Bim%2C15.5.5%2CN%3Bworkflow%2C14.5.1%2CN%3Bmobile%2C15.5.2%2CN%3Bmail%2C15.0.4%2CN%3Bidea%2C15.0.1%2CN%3Bsocialnetwork%2C15.5.0%2CN%3Btasks%2C14.5.12%2CN%3Bvoximplant%2C15.5.4%2CN%3Bbitrixcloud%2C15.0.1%2CN%3Bdav%2C15.0.3%2CN%3Bstatistic%2C15.0.1%2CN%3Bmeeting%2C14.5.0%2CN%3Bwebservice%2C11.5.0%2CN%3Bsender%2C15.0.2%2CN%3Bfileman%2C15.5.0%2CN%3Bcatalog%2C15.0.9%2CN%3Bcalendar%2C15.0.3%2CN%3Bcrm%2C15.1.1%2CN%3Bform%2C15.0.1%2CN%3Bscale%2C14.5.2%2CN%3Bdev_module%2C0.1%2CN%3Bbizprocdesigner%2C15.0.1%2CN%3Bsale%2C14.11.10%2CN%3Btimeman%2C15.0.1%2CN%3Bvote%2C15.0.0%2CN%3Bcompression%2C14.0.0%2CN%3Bcurrency%2C15.0.4%2CN%3Bmobileapp%2C15.0.5%2CN%3Bdisk%2C15.5.13%2CN%3Bxmpp%2C15.0.1%2CN%3Bcontroller%2C15.0.1%2CN%3Breport%2C14.5.4%2CN%3Bpull%2C15.5.0%2CN&fullmoduleinfo=Y&SUPD_SRS=RU&SUPD_CMP=N
2015-11-24 21:09:02 -  - exec CUpdateClientPartner::GetHTTPPage
2015-11-24 21:09:02 -  - TIME GetUpdatesList(request) 0.202 sec
2015-11-24 21:09:02 -  - exec CUpdateClientPartner::ParseServerData
2015-11-24 21:09:31 -  - exec CUpdateClientPartner::GetUpdatesList
2015-11-24 21:09:31 -  - exec CUpdateClientPartner::__CollectRequestData
2015-11-24 21:09:31 -  - utf=Y&lang=ru&stable=Y&CANGZIP=Y&SUPD_DBS=MYSQL&XE=N&CLIENT_SITE=localhost&LICENSE_KEY=X&SUPD_STS=1&SUPD_URS=1&SUPD_URSA=1&TYPENC=D&CLIENT_PHPVER=5.4.42&dbv=5.5.44&instm=main%2C15.5.0%2CY%3Biblock%2C15.5.0%2CN%3Bsearch%2C15.0.1%2CN%3Bphotogallery%2C15.0.0%2CN%3Bsubscribe%2C15.0.2%2CN%3Bblog%2C15.0.4%2CN%3Blists%2C15.5.1%2CN%3Bbizproc%2C15.5.0%2CN%3Badvertising%2C15.5.0%2CN%3Bhighloadblock%2C15.0.3%2CN%3Blearning%2C15.0.0%2CN%3Bextranet%2C15.0.4%2CN%3Bwiki%2C15.0.0%2CN%3Btranslate%2C14.0.0%2CN%3Bcluster%2C15.0.0%2CN%3Bsocialservices%2C15.5.0%2CN%3Bsecurity%2C15.0.10%2CN%3Bldap%2C15.0.0%2CN%3Bxdimport%2C14.5.1%2CN%3Bwebdav%2C15.0.13%2CN%3Bclouds%2C15.5.0%2CN%3Bintranet%2C15.5.6%2CN%3Bforum%2C15.0.7%2CN%3Bsupport%2C14.5.1%2CN%3Bperfmon%2C15.0.3%2CN%3Bim%2C15.5.5%2CN%3Bworkflow%2C14.5.1%2CN%3Bmobile%2C15.5.2%2CN%3Bmail%2C15.0.4%2CN%3Bidea%2C15.0.1%2CN%3Bsocialnetwork%2C15.5.0%2CN%3Btasks%2C14.5.12%2CN%3Bvoximplant%2C15.5.4%2CN%3Bbitrixcloud%2C15.0.1%2CN%3Bdav%2C15.0.3%2CN%3Bstatistic%2C15.0.1%2CN%3Bmeeting%2C14.5.0%2CN%3Bwebservice%2C11.5.0%2CN%3Bsender%2C15.0.2%2CN%3Bfileman%2C15.5.0%2CN%3Bcatalog%2C15.0.9%2CN%3Bcalendar%2C15.0.3%2CN%3Bcrm%2C15.1.1%2CN%3Bform%2C15.0.1%2CN%3Bscale%2C14.5.2%2CN%3Bdev_module%2C0.1%2CN%3Bbizprocdesigner%2C15.0.1%2CN%3Bsale%2C14.11.10%2CN%3Btimeman%2C15.0.1%2CN%3Bvote%2C15.0.0%2CN%3Bcompression%2C14.0.0%2CN%3Bcurrency%2C15.0.4%2CN%3Bmobileapp%2C15.0.5%2CN%3Bdisk%2C15.5.13%2CN%3Bxmpp%2C15.0.1%2CN%3Bcontroller%2C15.0.1%2CN%3Breport%2C14.5.4%2CN%3Bpull%2C15.5.0%2CN&fullmoduleinfo=Y&SUPD_SRS=RU&SUPD_CMP=N
2015-11-24 21:09:31 -  - exec CUpdateClientPartner::GetHTTPPage
2015-11-24 21:09:32 -  - TIME GetUpdatesList(request) 0.219 sec
2015-11-24 21:09:32 -  - exec CUpdateClientPartner::ParseServerData
2015-11-24 21:13:18 -  - exec CUpdateClientPartner::GetUpdatesList
2015-11-24 21:13:18 -  - exec CUpdateClientPartner::__CollectRequestData
2015-11-24 21:13:18 -  - utf=Y&lang=ru&stable=Y&CANGZIP=Y&SUPD_DBS=MYSQL&XE=N&CLIENT_SITE=localhost&LICENSE_KEY=X&SUPD_STS=1&SUPD_URS=1&SUPD_URSA=1&TYPENC=D&CLIENT_PHPVER=5.4.42&dbv=5.5.44&instm=main%2C15.5.0%2CY%3Biblock%2C15.5.0%2CN%3Bsearch%2C15.0.1%2CN%3Bphotogallery%2C15.0.0%2CN%3Bsubscribe%2C15.0.2%2CN%3Bblog%2C15.0.4%2CN%3Blists%2C15.5.1%2CN%3Bbizproc%2C15.5.0%2CN%3Badvertising%2C15.5.0%2CN%3Bhighloadblock%2C15.0.3%2CN%3Blearning%2C15.0.0%2CN%3Bextranet%2C15.0.4%2CN%3Bwiki%2C15.0.0%2CN%3Btranslate%2C14.0.0%2CN%3Bcluster%2C15.0.0%2CN%3Bsocialservices%2C15.5.0%2CN%3Bsecurity%2C15.0.10%2CN%3Bldap%2C15.0.0%2CN%3Bxdimport%2C14.5.1%2CN%3Bwebdav%2C15.0.13%2CN%3Bclouds%2C15.5.0%2CN%3Bintranet%2C15.5.6%2CN%3Bforum%2C15.0.7%2CN%3Bsupport%2C14.5.1%2CN%3Bperfmon%2C15.0.3%2CN%3Bim%2C15.5.5%2CN%3Bworkflow%2C14.5.1%2CN%3Bmobile%2C15.5.2%2CN%3Bmail%2C15.0.4%2CN%3Bidea%2C15.0.1%2CN%3Bsocialnetwork%2C15.5.0%2CN%3Btasks%2C14.5.12%2CN%3Bvoximplant%2C15.5.4%2CN%3Bbitrixcloud%2C15.0.1%2CN%3Bdav%2C15.0.3%2CN%3Bstatistic%2C15.0.1%2CN%3Bmeeting%2C14.5.0%2CN%3Bwebservice%2C11.5.0%2CN%3Bsender%2C15.0.2%2CN%3Bfileman%2C15.5.0%2CN%3Bcatalog%2C15.0.9%2CN%3Bcalendar%2C15.0.3%2CN%3Bcrm%2C15.1.1%2CN%3Bform%2C15.0.1%2CN%3Bscale%2C14.5.2%2CN%3Bdev_module%2C0.1%2CN%3Bbizprocdesigner%2C15.0.1%2CN%3Bsale%2C14.11.10%2CN%3Btimeman%2C15.0.1%2CN%3Bvote%2C15.0.0%2CN%3Bcompression%2C14.0.0%2CN%3Bcurrency%2C15.0.4%2CN%3Bmobileapp%2C15.0.5%2CN%3Bdisk%2C15.5.13%2CN%3Bxmpp%2C15.0.1%2CN%3Bcontroller%2C15.0.1%2CN%3Breport%2C14.5.4%2CN%3Bpull%2C15.5.0%2CN&fullmoduleinfo=Y&SUPD_SRS=RU&SUPD_CMP=N
2015-11-24 21:13:18 -  - exec CUpdateClientPartner::GetHTTPPage
2015-11-24 21:13:19 -  - TIME GetUpdatesList(request) 0.28 sec
2015-11-24 21:13:19 -  - exec CUpdateClientPartner::ParseServerData
2015-11-24 21:13:22 -  - exec CUpdateClientPartner::GetUpdatesList
2015-11-24 21:13:22 -  - exec CUpdateClientPartner::__CollectRequestData
2015-11-24 21:13:22 -  - utf=Y&lang=ru&stable=Y&CANGZIP=Y&SUPD_DBS=MYSQL&XE=N&CLIENT_SITE=localhost&LICENSE_KEY=X&SUPD_STS=1&SUPD_URS=1&SUPD_URSA=1&TYPENC=D&CLIENT_PHPVER=5.4.42&dbv=5.5.44&instm=main%2C15.5.0%2CY%3Biblock%2C15.5.0%2CN%3Bsearch%2C15.0.1%2CN%3Bphotogallery%2C15.0.0%2CN%3Bsubscribe%2C15.0.2%2CN%3Bblog%2C15.0.4%2CN%3Blists%2C15.5.1%2CN%3Bbizproc%2C15.5.0%2CN%3Badvertising%2C15.5.0%2CN%3Bhighloadblock%2C15.0.3%2CN%3Blearning%2C15.0.0%2CN%3Bextranet%2C15.0.4%2CN%3Bwiki%2C15.0.0%2CN%3Btranslate%2C14.0.0%2CN%3Bcluster%2C15.0.0%2CN%3Bsocialservices%2C15.5.0%2CN%3Bsecurity%2C15.0.10%2CN%3Bldap%2C15.0.0%2CN%3Bxdimport%2C14.5.1%2CN%3Bwebdav%2C15.0.13%2CN%3Bclouds%2C15.5.0%2CN%3Bintranet%2C15.5.6%2CN%3Bforum%2C15.0.7%2CN%3Bsupport%2C14.5.1%2CN%3Bperfmon%2C15.0.3%2CN%3Bim%2C15.5.5%2CN%3Bworkflow%2C14.5.1%2CN%3Bmobile%2C15.5.2%2CN%3Bmail%2C15.0.4%2CN%3Bidea%2C15.0.1%2CN%3Bsocialnetwork%2C15.5.0%2CN%3Btasks%2C14.5.12%2CN%3Bvoximplant%2C15.5.4%2CN%3Bbitrixcloud%2C15.0.1%2CN%3Bdav%2C15.0.3%2CN%3Bstatistic%2C15.0.1%2CN%3Bmeeting%2C14.5.0%2CN%3Bwebservice%2C11.5.0%2CN%3Bsender%2C15.0.2%2CN%3Bfileman%2C15.5.0%2CN%3Bcatalog%2C15.0.9%2CN%3Bcalendar%2C15.0.3%2CN%3Bcrm%2C15.1.1%2CN%3Bform%2C15.0.1%2CN%3Bscale%2C14.5.2%2CN%3Bdev_module%2C0.1%2CN%3Bbizprocdesigner%2C15.0.1%2CN%3Bsale%2C14.11.10%2CN%3Btimeman%2C15.0.1%2CN%3Bvote%2C15.0.0%2CN%3Bcompression%2C14.0.0%2CN%3Bcurrency%2C15.0.4%2CN%3Bmobileapp%2C15.0.5%2CN%3Bdisk%2C15.5.13%2CN%3Bxmpp%2C15.0.1%2CN%3Bcontroller%2C15.0.1%2CN%3Breport%2C14.5.4%2CN%3Bpull%2C15.5.0%2CN&fullmoduleinfo=Y&SUPD_SRS=RU&SUPD_CMP=N
2015-11-24 21:13:22 -  - exec CUpdateClientPartner::GetHTTPPage
2015-11-24 21:13:22 -  - TIME GetUpdatesList(request) 0.264 sec
2015-11-24 21:13:22 -  - exec CUpdateClientPartner::ParseServerData
2015-11-24 21:14:34 -  - exec CUpdateClientPartner::GetUpdatesList
2015-11-24 21:14:34 -  - exec CUpdateClientPartner::__CollectRequestData
2015-11-24 21:14:35 -  - utf=Y&lang=ru&stable=Y&CANGZIP=Y&SUPD_DBS=MYSQL&XE=N&CLIENT_SITE=localhost&LICENSE_KEY=X&SUPD_STS=1&SUPD_URS=1&SUPD_URSA=1&TYPENC=D&CLIENT_PHPVER=5.4.42&dbv=5.5.44&instm=main%2C15.5.0%2CY%3Biblock%2C15.5.0%2CN%3Bsearch%2C15.0.1%2CN%3Bphotogallery%2C15.0.0%2CN%3Bsubscribe%2C15.0.2%2CN%3Bblog%2C15.0.4%2CN%3Blists%2C15.5.1%2CN%3Bbizproc%2C15.5.0%2CN%3Badvertising%2C15.5.0%2CN%3Bhighloadblock%2C15.0.3%2CN%3Blearning%2C15.0.0%2CN%3Bextranet%2C15.0.4%2CN%3Bwiki%2C15.0.0%2CN%3Btranslate%2C14.0.0%2CN%3Bcluster%2C15.0.0%2CN%3Bsocialservices%2C15.5.0%2CN%3Bsecurity%2C15.0.10%2CN%3Bldap%2C15.0.0%2CN%3Bxdimport%2C14.5.1%2CN%3Bwebdav%2C15.0.13%2CN%3Bclouds%2C15.5.0%2CN%3Bintranet%2C15.5.6%2CN%3Bforum%2C15.0.7%2CN%3Bsupport%2C14.5.1%2CN%3Bperfmon%2C15.0.3%2CN%3Bim%2C15.5.5%2CN%3Bworkflow%2C14.5.1%2CN%3Bmobile%2C15.5.2%2CN%3Bmail%2C15.0.4%2CN%3Bidea%2C15.0.1%2CN%3Bsocialnetwork%2C15.5.0%2CN%3Btasks%2C14.5.12%2CN%3Bvoximplant%2C15.5.4%2CN%3Bbitrixcloud%2C15.0.1%2CN%3Bdav%2C15.0.3%2CN%3Bstatistic%2C15.0.1%2CN%3Bmeeting%2C14.5.0%2CN%3Bwebservice%2C11.5.0%2CN%3Bsender%2C15.0.2%2CN%3Bfileman%2C15.5.0%2CN%3Bcatalog%2C15.0.9%2CN%3Bcalendar%2C15.0.3%2CN%3Bcrm%2C15.1.1%2CN%3Bform%2C15.0.1%2CN%3Bscale%2C14.5.2%2CN%3Bdev_module%2C0.1%2CN%3Bbizprocdesigner%2C15.0.1%2CN%3Bsale%2C14.11.10%2CN%3Btimeman%2C15.0.1%2CN%3Bvote%2C15.0.0%2CN%3Bcompression%2C14.0.0%2CN%3Bcurrency%2C15.0.4%2CN%3Bmobileapp%2C15.0.5%2CN%3Bdisk%2C15.5.13%2CN%3Bxmpp%2C15.0.1%2CN%3Bcontroller%2C15.0.1%2CN%3Breport%2C14.5.4%2CN%3Bpull%2C15.5.0%2CN&fullmoduleinfo=Y&SUPD_SRS=RU&SUPD_CMP=N
2015-11-24 21:14:35 -  - exec CUpdateClientPartner::GetHTTPPage
2015-11-24 21:14:35 -  - TIME GetUpdatesList(request) 0.261 sec
2015-11-24 21:14:35 -  - exec CUpdateClientPartner::ParseServerData
2015-11-24 21:15:30 -  - exec CUpdateClientPartner::GetUpdatesList
2015-11-24 21:15:30 -  - exec CUpdateClientPartner::__CollectRequestData
2015-11-24 21:15:30 -  - utf=Y&lang=ru&stable=Y&CANGZIP=Y&SUPD_DBS=MYSQL&XE=N&CLIENT_SITE=localhost&LICENSE_KEY=X&SUPD_STS=1&SUPD_URS=1&SUPD_URSA=1&TYPENC=D&CLIENT_PHPVER=5.4.42&dbv=5.5.44&instm=main%2C15.5.0%2CY%3Biblock%2C15.5.0%2CN%3Bsearch%2C15.0.1%2CN%3Bphotogallery%2C15.0.0%2CN%3Bsubscribe%2C15.0.2%2CN%3Bblog%2C15.0.4%2CN%3Blists%2C15.5.1%2CN%3Bbizproc%2C15.5.0%2CN%3Badvertising%2C15.5.0%2CN%3Bhighloadblock%2C15.0.3%2CN%3Blearning%2C15.0.0%2CN%3Bextranet%2C15.0.4%2CN%3Bwiki%2C15.0.0%2CN%3Btranslate%2C14.0.0%2CN%3Bcluster%2C15.0.0%2CN%3Bsocialservices%2C15.5.0%2CN%3Bsecurity%2C15.0.10%2CN%3Bldap%2C15.0.0%2CN%3Bxdimport%2C14.5.1%2CN%3Bwebdav%2C15.0.13%2CN%3Bclouds%2C15.5.0%2CN%3Bintranet%2C15.5.6%2CN%3Bforum%2C15.0.7%2CN%3Bsupport%2C14.5.1%2CN%3Bperfmon%2C15.0.3%2CN%3Bim%2C15.5.5%2CN%3Bworkflow%2C14.5.1%2CN%3Bmobile%2C15.5.2%2CN%3Bmail%2C15.0.4%2CN%3Bidea%2C15.0.1%2CN%3Bsocialnetwork%2C15.5.0%2CN%3Btasks%2C14.5.12%2CN%3Bvoximplant%2C15.5.4%2CN%3Bbitrixcloud%2C15.0.1%2CN%3Bdav%2C15.0.3%2CN%3Bstatistic%2C15.0.1%2CN%3Bmeeting%2C14.5.0%2CN%3Bwebservice%2C11.5.0%2CN%3Bsender%2C15.0.2%2CN%3Bfileman%2C15.5.0%2CN%3Bcatalog%2C15.0.9%2CN%3Bcalendar%2C15.0.3%2CN%3Bcrm%2C15.1.1%2CN%3Bform%2C15.0.1%2CN%3Bscale%2C14.5.2%2CN%3Bdev_module%2C0.1%2CN%3Bbizprocdesigner%2C15.0.1%2CN%3Bsale%2C14.11.10%2CN%3Btimeman%2C15.0.1%2CN%3Bvote%2C15.0.0%2CN%3Bcompression%2C14.0.0%2CN%3Bcurrency%2C15.0.4%2CN%3Bmobileapp%2C15.0.5%2CN%3Bdisk%2C15.5.13%2CN%3Bxmpp%2C15.0.1%2CN%3Bcontroller%2C15.0.1%2CN%3Breport%2C14.5.4%2CN%3Bpull%2C15.5.0%2CN&fullmoduleinfo=Y&SUPD_SRS=RU&SUPD_CMP=N
2015-11-24 21:15:30 -  - exec CUpdateClientPartner::GetHTTPPage
2015-11-24 21:15:31 -  - TIME GetUpdatesList(request) 0.223 sec
2015-11-24 21:15:31 -  - exec CUpdateClientPartner::ParseServerData
2015-11-24 21:15:39 -  - exec CUpdateClientPartner::GetUpdatesList
2015-11-24 21:15:39 -  - exec CUpdateClientPartner::__CollectRequestData
2015-11-24 21:15:39 -  - utf=Y&lang=ru&stable=Y&CANGZIP=Y&SUPD_DBS=MYSQL&XE=N&CLIENT_SITE=localhost&LICENSE_KEY=X&SUPD_STS=1&SUPD_URS=1&SUPD_URSA=1&TYPENC=D&CLIENT_PHPVER=5.4.42&dbv=5.5.44&instm=main%2C15.5.0%2CY%3Biblock%2C15.5.0%2CN%3Bsearch%2C15.0.1%2CN%3Bphotogallery%2C15.0.0%2CN%3Bsubscribe%2C15.0.2%2CN%3Bblog%2C15.0.4%2CN%3Blists%2C15.5.1%2CN%3Bbizproc%2C15.5.0%2CN%3Badvertising%2C15.5.0%2CN%3Bhighloadblock%2C15.0.3%2CN%3Blearning%2C15.0.0%2CN%3Bextranet%2C15.0.4%2CN%3Bwiki%2C15.0.0%2CN%3Btranslate%2C14.0.0%2CN%3Bcluster%2C15.0.0%2CN%3Bsocialservices%2C15.5.0%2CN%3Bsecurity%2C15.0.10%2CN%3Bldap%2C15.0.0%2CN%3Bxdimport%2C14.5.1%2CN%3Bwebdav%2C15.0.13%2CN%3Bclouds%2C15.5.0%2CN%3Bintranet%2C15.5.6%2CN%3Bforum%2C15.0.7%2CN%3Bsupport%2C14.5.1%2CN%3Bperfmon%2C15.0.3%2CN%3Bim%2C15.5.5%2CN%3Bworkflow%2C14.5.1%2CN%3Bmobile%2C15.5.2%2CN%3Bmail%2C15.0.4%2CN%3Bidea%2C15.0.1%2CN%3Bsocialnetwork%2C15.5.0%2CN%3Btasks%2C14.5.12%2CN%3Bvoximplant%2C15.5.4%2CN%3Bbitrixcloud%2C15.0.1%2CN%3Bdav%2C15.0.3%2CN%3Bstatistic%2C15.0.1%2CN%3Bmeeting%2C14.5.0%2CN%3Bwebservice%2C11.5.0%2CN%3Bsender%2C15.0.2%2CN%3Bfileman%2C15.5.0%2CN%3Bcatalog%2C15.0.9%2CN%3Bcalendar%2C15.0.3%2CN%3Bcrm%2C15.1.1%2CN%3Bform%2C15.0.1%2CN%3Bscale%2C14.5.2%2CN%3Bdev_module%2C0.1%2CN%3Bbizprocdesigner%2C15.0.1%2CN%3Bsale%2C14.11.10%2CN%3Btimeman%2C15.0.1%2CN%3Bvote%2C15.0.0%2CN%3Bcompression%2C14.0.0%2CN%3Bcurrency%2C15.0.4%2CN%3Bmobileapp%2C15.0.5%2CN%3Bdisk%2C15.5.13%2CN%3Bxmpp%2C15.0.1%2CN%3Bcontroller%2C15.0.1%2CN%3Breport%2C14.5.4%2CN%3Bpull%2C15.5.0%2CN&fullmoduleinfo=Y&SUPD_SRS=RU&SUPD_CMP=N
2015-11-24 21:15:39 -  - exec CUpdateClientPartner::GetHTTPPage
2015-11-24 21:15:39 -  - TIME GetUpdatesList(request) 0.266 sec
2015-11-24 21:15:39 -  - exec CUpdateClientPartner::ParseServerData
2015-11-24 21:15:43 -  - exec CUpdateClientPartner::GetUpdatesList
2015-11-24 21:15:43 -  - exec CUpdateClientPartner::__CollectRequestData
2015-11-24 21:15:43 -  - utf=Y&lang=ru&stable=Y&CANGZIP=Y&SUPD_DBS=MYSQL&XE=N&CLIENT_SITE=localhost&LICENSE_KEY=X&SUPD_STS=1&SUPD_URS=1&SUPD_URSA=1&TYPENC=D&CLIENT_PHPVER=5.4.42&dbv=5.5.44&instm=main%2C15.5.0%2CY%3Biblock%2C15.5.0%2CN%3Bsearch%2C15.0.1%2CN%3Bphotogallery%2C15.0.0%2CN%3Bsubscribe%2C15.0.2%2CN%3Bblog%2C15.0.4%2CN%3Blists%2C15.5.1%2CN%3Bbizproc%2C15.5.0%2CN%3Badvertising%2C15.5.0%2CN%3Bhighloadblock%2C15.0.3%2CN%3Blearning%2C15.0.0%2CN%3Bextranet%2C15.0.4%2CN%3Bwiki%2C15.0.0%2CN%3Btranslate%2C14.0.0%2CN%3Bcluster%2C15.0.0%2CN%3Bsocialservices%2C15.5.0%2CN%3Bsecurity%2C15.0.10%2CN%3Bldap%2C15.0.0%2CN%3Bxdimport%2C14.5.1%2CN%3Bwebdav%2C15.0.13%2CN%3Bclouds%2C15.5.0%2CN%3Bintranet%2C15.5.6%2CN%3Bforum%2C15.0.7%2CN%3Bsupport%2C14.5.1%2CN%3Bperfmon%2C15.0.3%2CN%3Bim%2C15.5.5%2CN%3Bworkflow%2C14.5.1%2CN%3Bmobile%2C15.5.2%2CN%3Bmail%2C15.0.4%2CN%3Bidea%2C15.0.1%2CN%3Bsocialnetwork%2C15.5.0%2CN%3Btasks%2C14.5.12%2CN%3Bvoximplant%2C15.5.4%2CN%3Bbitrixcloud%2C15.0.1%2CN%3Bdav%2C15.0.3%2CN%3Bstatistic%2C15.0.1%2CN%3Bmeeting%2C14.5.0%2CN%3Bwebservice%2C11.5.0%2CN%3Bsender%2C15.0.2%2CN%3Bfileman%2C15.5.0%2CN%3Bcatalog%2C15.0.9%2CN%3Bcalendar%2C15.0.3%2CN%3Bcrm%2C15.1.1%2CN%3Bform%2C15.0.1%2CN%3Bscale%2C14.5.2%2CN%3Bdev_module%2C0.1%2CN%3Bbizprocdesigner%2C15.0.1%2CN%3Bsale%2C14.11.10%2CN%3Btimeman%2C15.0.1%2CN%3Bvote%2C15.0.0%2CN%3Bcompression%2C14.0.0%2CN%3Bcurrency%2C15.0.4%2CN%3Bmobileapp%2C15.0.5%2CN%3Bdisk%2C15.5.13%2CN%3Bxmpp%2C15.0.1%2CN%3Bcontroller%2C15.0.1%2CN%3Breport%2C14.5.4%2CN%3Bpull%2C15.5.0%2CN&fullmoduleinfo=Y&SUPD_SRS=RU&SUPD_CMP=N
2015-11-24 21:15:43 -  - exec CUpdateClientPartner::GetHTTPPage
2015-11-24 21:15:43 -  - TIME GetUpdatesList(request) 0.237 sec
2015-11-24 21:15:43 -  - exec CUpdateClientPartner::ParseServerData
2015-11-24 21:17:26 -  - exec CUpdateClientPartner::GetUpdatesList
2015-11-24 21:17:26 -  - exec CUpdateClientPartner::__CollectRequestData
2015-11-24 21:17:26 -  - utf=Y&lang=ru&stable=Y&CANGZIP=Y&SUPD_DBS=MYSQL&XE=N&CLIENT_SITE=localhost&LICENSE_KEY=X&SUPD_STS=1&SUPD_URS=1&SUPD_URSA=1&TYPENC=D&CLIENT_PHPVER=5.4.42&dbv=5.5.44&instm=main%2C15.5.0%2CY%3Biblock%2C15.5.0%2CN%3Bsearch%2C15.0.1%2CN%3Bphotogallery%2C15.0.0%2CN%3Bsubscribe%2C15.0.2%2CN%3Bblog%2C15.0.4%2CN%3Blists%2C15.5.1%2CN%3Bbizproc%2C15.5.0%2CN%3Badvertising%2C15.5.0%2CN%3Bhighloadblock%2C15.0.3%2CN%3Blearning%2C15.0.0%2CN%3Bextranet%2C15.0.4%2CN%3Bwiki%2C15.0.0%2CN%3Btranslate%2C14.0.0%2CN%3Bcluster%2C15.0.0%2CN%3Bsocialservices%2C15.5.0%2CN%3Bsecurity%2C15.0.10%2CN%3Bldap%2C15.0.0%2CN%3Bxdimport%2C14.5.1%2CN%3Bwebdav%2C15.0.13%2CN%3Bclouds%2C15.5.0%2CN%3Bintranet%2C15.5.6%2CN%3Bforum%2C15.0.7%2CN%3Bsupport%2C14.5.1%2CN%3Bperfmon%2C15.0.3%2CN%3Bim%2C15.5.5%2CN%3Bworkflow%2C14.5.1%2CN%3Bmobile%2C15.5.2%2CN%3Bmail%2C15.0.4%2CN%3Bidea%2C15.0.1%2CN%3Bsocialnetwork%2C15.5.0%2CN%3Btasks%2C14.5.12%2CN%3Bvoximplant%2C15.5.4%2CN%3Bbitrixcloud%2C15.0.1%2CN%3Bdav%2C15.0.3%2CN%3Bstatistic%2C15.0.1%2CN%3Bmeeting%2C14.5.0%2CN%3Bwebservice%2C11.5.0%2CN%3Bsender%2C15.0.2%2CN%3Bfileman%2C15.5.0%2CN%3Bcatalog%2C15.0.9%2CN%3Bcalendar%2C15.0.3%2CN%3Bcrm%2C15.1.1%2CN%3Bform%2C15.0.1%2CN%3Bscale%2C14.5.2%2CN%3Bdev_module%2C0.1%2CN%3Bbizprocdesigner%2C15.0.1%2CN%3Bsale%2C14.11.10%2CN%3Btimeman%2C15.0.1%2CN%3Bvote%2C15.0.0%2CN%3Bcompression%2C14.0.0%2CN%3Bcurrency%2C15.0.4%2CN%3Bmobileapp%2C15.0.5%2CN%3Bdisk%2C15.5.13%2CN%3Bxmpp%2C15.0.1%2CN%3Bcontroller%2C15.0.1%2CN%3Breport%2C14.5.4%2CN%3Bpull%2C15.5.0%2CN&fullmoduleinfo=Y&SUPD_SRS=RU&SUPD_CMP=N
2015-11-24 21:17:26 -  - exec CUpdateClientPartner::GetHTTPPage
2015-11-24 21:17:26 -  - TIME GetUpdatesList(request) 0.263 sec
2015-11-24 21:17:26 -  - exec CUpdateClientPartner::ParseServerData
2015-11-24 21:17:41 -  - exec CUpdateClientPartner::GetUpdatesList
2015-11-24 21:17:41 -  - exec CUpdateClientPartner::__CollectRequestData
2015-11-24 21:17:41 -  - utf=Y&lang=ru&stable=Y&CANGZIP=Y&SUPD_DBS=MYSQL&XE=N&CLIENT_SITE=localhost&LICENSE_KEY=X&SUPD_STS=1&SUPD_URS=1&SUPD_URSA=1&TYPENC=D&CLIENT_PHPVER=5.4.42&dbv=5.5.44&instm=main%2C15.5.0%2CY%3Biblock%2C15.5.0%2CN%3Bsearch%2C15.0.1%2CN%3Bphotogallery%2C15.0.0%2CN%3Bsubscribe%2C15.0.2%2CN%3Bblog%2C15.0.4%2CN%3Blists%2C15.5.1%2CN%3Bbizproc%2C15.5.0%2CN%3Badvertising%2C15.5.0%2CN%3Bhighloadblock%2C15.0.3%2CN%3Blearning%2C15.0.0%2CN%3Bextranet%2C15.0.4%2CN%3Bwiki%2C15.0.0%2CN%3Btranslate%2C14.0.0%2CN%3Bcluster%2C15.0.0%2CN%3Bsocialservices%2C15.5.0%2CN%3Bsecurity%2C15.0.10%2CN%3Bldap%2C15.0.0%2CN%3Bxdimport%2C14.5.1%2CN%3Bwebdav%2C15.0.13%2CN%3Bclouds%2C15.5.0%2CN%3Bintranet%2C15.5.6%2CN%3Bforum%2C15.0.7%2CN%3Bsupport%2C14.5.1%2CN%3Bperfmon%2C15.0.3%2CN%3Bim%2C15.5.5%2CN%3Bworkflow%2C14.5.1%2CN%3Bmobile%2C15.5.2%2CN%3Bmail%2C15.0.4%2CN%3Bidea%2C15.0.1%2CN%3Bsocialnetwork%2C15.5.0%2CN%3Btasks%2C14.5.12%2CN%3Bvoximplant%2C15.5.4%2CN%3Bbitrixcloud%2C15.0.1%2CN%3Bdav%2C15.0.3%2CN%3Bstatistic%2C15.0.1%2CN%3Bmeeting%2C14.5.0%2CN%3Bwebservice%2C11.5.0%2CN%3Bsender%2C15.0.2%2CN%3Bfileman%2C15.5.0%2CN%3Bcatalog%2C15.0.9%2CN%3Bcalendar%2C15.0.3%2CN%3Bcrm%2C15.1.1%2CN%3Bform%2C15.0.1%2CN%3Bscale%2C14.5.2%2CN%3Bdev_module%2C0.1%2CN%3Bbizprocdesigner%2C15.0.1%2CN%3Bsale%2C14.11.10%2CN%3Btimeman%2C15.0.1%2CN%3Bvote%2C15.0.0%2CN%3Bcompression%2C14.0.0%2CN%3Bcurrency%2C15.0.4%2CN%3Bmobileapp%2C15.0.5%2CN%3Bdisk%2C15.5.13%2CN%3Bxmpp%2C15.0.1%2CN%3Bcontroller%2C15.0.1%2CN%3Breport%2C14.5.4%2CN%3Bpull%2C15.5.0%2CN&fullmoduleinfo=Y&SUPD_SRS=RU&SUPD_CMP=N
2015-11-24 21:17:41 -  - exec CUpdateClientPartner::GetHTTPPage
2015-11-24 21:17:41 -  - TIME GetUpdatesList(request) 0.204 sec
2015-11-24 21:17:41 -  - exec CUpdateClientPartner::ParseServerData
2015-11-24 21:23:18 -  - exec CUpdateClientPartner::GetUpdatesList
2015-11-24 21:23:18 -  - exec CUpdateClientPartner::__CollectRequestData
2015-11-24 21:23:18 -  - utf=Y&lang=ru&stable=Y&CANGZIP=Y&SUPD_DBS=MYSQL&XE=N&CLIENT_SITE=localhost&LICENSE_KEY=X&SUPD_STS=1&SUPD_URS=1&SUPD_URSA=1&TYPENC=D&CLIENT_PHPVER=5.4.42&dbv=5.5.44&instm=main%2C15.5.0%2CY%3Biblock%2C15.5.0%2CN%3Bsearch%2C15.0.1%2CN%3Bphotogallery%2C15.0.0%2CN%3Bsubscribe%2C15.0.2%2CN%3Bblog%2C15.0.4%2CN%3Blists%2C15.5.1%2CN%3Bbizproc%2C15.5.0%2CN%3Badvertising%2C15.5.0%2CN%3Bhighloadblock%2C15.0.3%2CN%3Blearning%2C15.0.0%2CN%3Bextranet%2C15.0.4%2CN%3Bwiki%2C15.0.0%2CN%3Btranslate%2C14.0.0%2CN%3Bcluster%2C15.0.0%2CN%3Bsocialservices%2C15.5.0%2CN%3Bsecurity%2C15.0.10%2CN%3Bldap%2C15.0.0%2CN%3Bxdimport%2C14.5.1%2CN%3Bwebdav%2C15.0.13%2CN%3Bclouds%2C15.5.0%2CN%3Bintranet%2C15.5.6%2CN%3Bforum%2C15.0.7%2CN%3Bsupport%2C14.5.1%2CN%3Bperfmon%2C15.0.3%2CN%3Bim%2C15.5.5%2CN%3Bworkflow%2C14.5.1%2CN%3Bmobile%2C15.5.2%2CN%3Bmail%2C15.0.4%2CN%3Bidea%2C15.0.1%2CN%3Bsocialnetwork%2C15.5.0%2CN%3Btasks%2C14.5.12%2CN%3Bvoximplant%2C15.5.4%2CN%3Bbitrixcloud%2C15.0.1%2CN%3Bdav%2C15.0.3%2CN%3Bstatistic%2C15.0.1%2CN%3Bmeeting%2C14.5.0%2CN%3Bwebservice%2C11.5.0%2CN%3Bsender%2C15.0.2%2CN%3Bfileman%2C15.5.0%2CN%3Bcatalog%2C15.0.9%2CN%3Bcalendar%2C15.0.3%2CN%3Bcrm%2C15.1.1%2CN%3Bform%2C15.0.1%2CN%3Bscale%2C14.5.2%2CN%3Bdev_module%2C0.1%2CN%3Bbizprocdesigner%2C15.0.1%2CN%3Bsale%2C14.11.10%2CN%3Btimeman%2C15.0.1%2CN%3Bvote%2C15.0.0%2CN%3Bcompression%2C14.0.0%2CN%3Bcurrency%2C15.0.4%2CN%3Bmobileapp%2C15.0.5%2CN%3Bdisk%2C15.5.13%2CN%3Bxmpp%2C15.0.1%2CN%3Bcontroller%2C15.0.1%2CN%3Breport%2C14.5.4%2CN%3Bpull%2C15.5.0%2CN&fullmoduleinfo=Y&SUPD_SRS=RU&SUPD_CMP=N
2015-11-24 21:23:18 -  - exec CUpdateClientPartner::GetHTTPPage
2015-11-24 21:23:18 -  - TIME GetUpdatesList(request) 0.275 sec
2015-11-24 21:23:18 -  - exec CUpdateClientPartner::ParseServerData
2015-11-24 21:25:34 -  - exec CUpdateClientPartner::GetUpdatesList
2015-11-24 21:25:34 -  - exec CUpdateClientPartner::__CollectRequestData
2015-11-24 21:25:34 -  - utf=Y&lang=ru&stable=Y&CANGZIP=Y&SUPD_DBS=MYSQL&XE=N&CLIENT_SITE=localhost&LICENSE_KEY=X&SUPD_STS=1&SUPD_URS=1&SUPD_URSA=1&TYPENC=D&CLIENT_PHPVER=5.4.42&dbv=5.5.44&instm=main%2C15.5.0%2CY%3Biblock%2C15.5.0%2CN%3Bsearch%2C15.0.1%2CN%3Bphotogallery%2C15.0.0%2CN%3Bsubscribe%2C15.0.2%2CN%3Bblog%2C15.0.4%2CN%3Blists%2C15.5.1%2CN%3Bbizproc%2C15.5.0%2CN%3Badvertising%2C15.5.0%2CN%3Bhighloadblock%2C15.0.3%2CN%3Blearning%2C15.0.0%2CN%3Bextranet%2C15.0.4%2CN%3Bwiki%2C15.0.0%2CN%3Btranslate%2C14.0.0%2CN%3Bcluster%2C15.0.0%2CN%3Bsocialservices%2C15.5.0%2CN%3Bsecurity%2C15.0.10%2CN%3Bldap%2C15.0.0%2CN%3Bxdimport%2C14.5.1%2CN%3Bwebdav%2C15.0.13%2CN%3Bclouds%2C15.5.0%2CN%3Bintranet%2C15.5.6%2CN%3Bforum%2C15.0.7%2CN%3Bsupport%2C14.5.1%2CN%3Bperfmon%2C15.0.3%2CN%3Bim%2C15.5.5%2CN%3Bworkflow%2C14.5.1%2CN%3Bmobile%2C15.5.2%2CN%3Bmail%2C15.0.4%2CN%3Bidea%2C15.0.1%2CN%3Bsocialnetwork%2C15.5.0%2CN%3Btasks%2C14.5.12%2CN%3Bvoximplant%2C15.5.4%2CN%3Bbitrixcloud%2C15.0.1%2CN%3Bdav%2C15.0.3%2CN%3Bstatistic%2C15.0.1%2CN%3Bmeeting%2C14.5.0%2CN%3Bwebservice%2C11.5.0%2CN%3Bsender%2C15.0.2%2CN%3Bfileman%2C15.5.0%2CN%3Bcatalog%2C15.0.9%2CN%3Bcalendar%2C15.0.3%2CN%3Bcrm%2C15.1.1%2CN%3Bform%2C15.0.1%2CN%3Bscale%2C14.5.2%2CN%3Bdev_module%2C0.1%2CN%3Bbizprocdesigner%2C15.0.1%2CN%3Bsale%2C14.11.10%2CN%3Btimeman%2C15.0.1%2CN%3Bvote%2C15.0.0%2CN%3Bcompression%2C14.0.0%2CN%3Bcurrency%2C15.0.4%2CN%3Bmobileapp%2C15.0.5%2CN%3Bdisk%2C15.5.13%2CN%3Bxmpp%2C15.0.1%2CN%3Bcontroller%2C15.0.1%2CN%3Breport%2C14.5.4%2CN%3Bpull%2C15.5.0%2CN&fullmoduleinfo=Y&SUPD_SRS=RU&SUPD_CMP=N
2015-11-24 21:25:34 -  - exec CUpdateClientPartner::GetHTTPPage
2015-11-24 21:25:35 -  - TIME GetUpdatesList(request) 0.342 sec
2015-11-24 21:25:35 -  - exec CUpdateClientPartner::ParseServerData
2015-11-24 21:25:44 -  - exec CUpdateClientPartner::GetUpdatesList
2015-11-24 21:25:44 -  - exec CUpdateClientPartner::__CollectRequestData
2015-11-24 21:25:44 -  - utf=Y&lang=ru&stable=Y&CANGZIP=Y&SUPD_DBS=MYSQL&XE=N&CLIENT_SITE=localhost&LICENSE_KEY=X&SUPD_STS=1&SUPD_URS=1&SUPD_URSA=1&TYPENC=D&CLIENT_PHPVER=5.4.42&dbv=5.5.44&instm=main%2C15.5.0%2CY%3Biblock%2C15.5.0%2CN%3Bsearch%2C15.0.1%2CN%3Bphotogallery%2C15.0.0%2CN%3Bsubscribe%2C15.0.2%2CN%3Bblog%2C15.0.4%2CN%3Blists%2C15.5.1%2CN%3Bbizproc%2C15.5.0%2CN%3Badvertising%2C15.5.0%2CN%3Bhighloadblock%2C15.0.3%2CN%3Blearning%2C15.0.0%2CN%3Bextranet%2C15.0.4%2CN%3Bwiki%2C15.0.0%2CN%3Btranslate%2C14.0.0%2CN%3Bcluster%2C15.0.0%2CN%3Bsocialservices%2C15.5.0%2CN%3Bsecurity%2C15.0.10%2CN%3Bldap%2C15.0.0%2CN%3Bxdimport%2C14.5.1%2CN%3Bwebdav%2C15.0.13%2CN%3Bclouds%2C15.5.0%2CN%3Bintranet%2C15.5.6%2CN%3Bforum%2C15.0.7%2CN%3Bsupport%2C14.5.1%2CN%3Bperfmon%2C15.0.3%2CN%3Bim%2C15.5.5%2CN%3Bworkflow%2C14.5.1%2CN%3Bmobile%2C15.5.2%2CN%3Bmail%2C15.0.4%2CN%3Bidea%2C15.0.1%2CN%3Bsocialnetwork%2C15.5.0%2CN%3Btasks%2C14.5.12%2CN%3Bvoximplant%2C15.5.4%2CN%3Bbitrixcloud%2C15.0.1%2CN%3Bdav%2C15.0.3%2CN%3Bstatistic%2C15.0.1%2CN%3Bmeeting%2C14.5.0%2CN%3Bwebservice%2C11.5.0%2CN%3Bsender%2C15.0.2%2CN%3Bfileman%2C15.5.0%2CN%3Bcatalog%2C15.0.9%2CN%3Bcalendar%2C15.0.3%2CN%3Bcrm%2C15.1.1%2CN%3Bform%2C15.0.1%2CN%3Bscale%2C14.5.2%2CN%3Bdev_module%2C0.1%2CN%3Bbizprocdesigner%2C15.0.1%2CN%3Bsale%2C14.11.10%2CN%3Btimeman%2C15.0.1%2CN%3Bvote%2C15.0.0%2CN%3Bcompression%2C14.0.0%2CN%3Bcurrency%2C15.0.4%2CN%3Bmobileapp%2C15.0.5%2CN%3Bdisk%2C15.5.13%2CN%3Bxmpp%2C15.0.1%2CN%3Bcontroller%2C15.0.1%2CN%3Breport%2C14.5.4%2CN%3Bpull%2C15.5.0%2CN&fullmoduleinfo=Y&SUPD_SRS=RU&SUPD_CMP=N
2015-11-24 21:25:44 -  - exec CUpdateClientPartner::GetHTTPPage
2015-11-24 21:25:45 -  - TIME GetUpdatesList(request) 0.207 sec
2015-11-24 21:25:45 -  - exec CUpdateClientPartner::ParseServerData
2015-11-24 21:36:11 -  - exec CUpdateClientPartner::GetUpdatesList
2015-11-24 21:36:11 -  - exec CUpdateClientPartner::__CollectRequestData
2015-11-24 21:36:11 -  - utf=Y&lang=ru&stable=Y&CANGZIP=Y&SUPD_DBS=MYSQL&XE=N&CLIENT_SITE=localhost&LICENSE_KEY=X&SUPD_STS=1&SUPD_URS=1&SUPD_URSA=1&TYPENC=D&CLIENT_PHPVER=5.4.42&dbv=5.5.44&instm=main%2C15.5.0%2CY%3Biblock%2C15.5.0%2CN%3Bsearch%2C15.0.1%2CN%3Bphotogallery%2C15.0.0%2CN%3Bsubscribe%2C15.0.2%2CN%3Bblog%2C15.0.4%2CN%3Blists%2C15.5.1%2CN%3Bbizproc%2C15.5.0%2CN%3Badvertising%2C15.5.0%2CN%3Bhighloadblock%2C15.0.3%2CN%3Blearning%2C15.0.0%2CN%3Bextranet%2C15.0.4%2CN%3Bwiki%2C15.0.0%2CN%3Btranslate%2C14.0.0%2CN%3Bcluster%2C15.0.0%2CN%3Bsocialservices%2C15.5.0%2CN%3Bsecurity%2C15.0.10%2CN%3Bldap%2C15.0.0%2CN%3Bxdimport%2C14.5.1%2CN%3Bwebdav%2C15.0.13%2CN%3Bclouds%2C15.5.0%2CN%3Bintranet%2C15.5.6%2CN%3Bforum%2C15.0.7%2CN%3Bsupport%2C14.5.1%2CN%3Bperfmon%2C15.0.3%2CN%3Bim%2C15.5.5%2CN%3Bworkflow%2C14.5.1%2CN%3Bmobile%2C15.5.2%2CN%3Bmail%2C15.0.4%2CN%3Bidea%2C15.0.1%2CN%3Bsocialnetwork%2C15.5.0%2CN%3Btasks%2C14.5.12%2CN%3Bvoximplant%2C15.5.4%2CN%3Bbitrixcloud%2C15.0.1%2CN%3Bdav%2C15.0.3%2CN%3Bstatistic%2C15.0.1%2CN%3Bmeeting%2C14.5.0%2CN%3Bwebservice%2C11.5.0%2CN%3Bsender%2C15.0.2%2CN%3Bfileman%2C15.5.0%2CN%3Bcatalog%2C15.0.9%2CN%3Bcalendar%2C15.0.3%2CN%3Bcrm%2C15.1.1%2CN%3Bform%2C15.0.1%2CN%3Bscale%2C14.5.2%2CN%3Bdev_module%2C0.1%2CN%3Bbizprocdesigner%2C15.0.1%2CN%3Bsale%2C14.11.10%2CN%3Btimeman%2C15.0.1%2CN%3Bvote%2C15.0.0%2CN%3Bcompression%2C14.0.0%2CN%3Bcurrency%2C15.0.4%2CN%3Bmobileapp%2C15.0.5%2CN%3Bdisk%2C15.5.13%2CN%3Bxmpp%2C15.0.1%2CN%3Bcontroller%2C15.0.1%2CN%3Breport%2C14.5.4%2CN%3Bpull%2C15.5.0%2CN&fullmoduleinfo=Y&SUPD_SRS=RU&SUPD_CMP=N
2015-11-24 21:36:11 -  - exec CUpdateClientPartner::GetHTTPPage
2015-11-24 21:36:12 -  - TIME GetUpdatesList(request) 0.257 sec
2015-11-24 21:36:12 -  - exec CUpdateClientPartner::ParseServerData
2015-11-24 21:36:15 -  - exec CUpdateClientPartner::GetUpdatesList
2015-11-24 21:36:15 -  - exec CUpdateClientPartner::__CollectRequestData
2015-11-24 21:36:15 -  - utf=Y&lang=ru&stable=Y&CANGZIP=Y&SUPD_DBS=MYSQL&XE=N&CLIENT_SITE=localhost&LICENSE_KEY=X&SUPD_STS=1&SUPD_URS=1&SUPD_URSA=1&TYPENC=D&CLIENT_PHPVER=5.4.42&dbv=5.5.44&instm=main%2C15.5.0%2CY%3Biblock%2C15.5.0%2CN%3Bsearch%2C15.0.1%2CN%3Bphotogallery%2C15.0.0%2CN%3Bsubscribe%2C15.0.2%2CN%3Bblog%2C15.0.4%2CN%3Blists%2C15.5.1%2CN%3Bbizproc%2C15.5.0%2CN%3Badvertising%2C15.5.0%2CN%3Bhighloadblock%2C15.0.3%2CN%3Blearning%2C15.0.0%2CN%3Bextranet%2C15.0.4%2CN%3Bwiki%2C15.0.0%2CN%3Btranslate%2C14.0.0%2CN%3Bcluster%2C15.0.0%2CN%3Bsocialservices%2C15.5.0%2CN%3Bsecurity%2C15.0.10%2CN%3Bldap%2C15.0.0%2CN%3Bxdimport%2C14.5.1%2CN%3Bwebdav%2C15.0.13%2CN%3Bclouds%2C15.5.0%2CN%3Bintranet%2C15.5.6%2CN%3Bforum%2C15.0.7%2CN%3Bsupport%2C14.5.1%2CN%3Bperfmon%2C15.0.3%2CN%3Bim%2C15.5.5%2CN%3Bworkflow%2C14.5.1%2CN%3Bmobile%2C15.5.2%2CN%3Bmail%2C15.0.4%2CN%3Bidea%2C15.0.1%2CN%3Bsocialnetwork%2C15.5.0%2CN%3Btasks%2C14.5.12%2CN%3Bvoximplant%2C15.5.4%2CN%3Bbitrixcloud%2C15.0.1%2CN%3Bdav%2C15.0.3%2CN%3Bstatistic%2C15.0.1%2CN%3Bmeeting%2C14.5.0%2CN%3Bwebservice%2C11.5.0%2CN%3Bsender%2C15.0.2%2CN%3Bfileman%2C15.5.0%2CN%3Bcatalog%2C15.0.9%2CN%3Bcalendar%2C15.0.3%2CN%3Bcrm%2C15.1.1%2CN%3Bform%2C15.0.1%2CN%3Bscale%2C14.5.2%2CN%3Bdev_module%2C0.1%2CN%3Bbizprocdesigner%2C15.0.1%2CN%3Bsale%2C14.11.10%2CN%3Btimeman%2C15.0.1%2CN%3Bvote%2C15.0.0%2CN%3Bcompression%2C14.0.0%2CN%3Bcurrency%2C15.0.4%2CN%3Bmobileapp%2C15.0.5%2CN%3Bdisk%2C15.5.13%2CN%3Bxmpp%2C15.0.1%2CN%3Bcontroller%2C15.0.1%2CN%3Breport%2C14.5.4%2CN%3Bpull%2C15.5.0%2CN&fullmoduleinfo=Y&SUPD_SRS=RU&SUPD_CMP=N
2015-11-24 21:36:15 -  - exec CUpdateClientPartner::GetHTTPPage
2015-11-24 21:36:16 -  - TIME GetUpdatesList(request) 0.221 sec
2015-11-24 21:36:16 -  - exec CUpdateClientPartner::ParseServerData
2015-11-24 21:46:01 -  - exec CUpdateClientPartner::GetUpdatesList
2015-11-24 21:46:01 -  - exec CUpdateClientPartner::__CollectRequestData
2015-11-24 21:46:01 -  - utf=Y&lang=ru&stable=Y&CANGZIP=Y&SUPD_DBS=MYSQL&XE=N&CLIENT_SITE=localhost&LICENSE_KEY=X&SUPD_STS=1&SUPD_URS=1&SUPD_URSA=1&TYPENC=D&CLIENT_PHPVER=5.4.42&dbv=5.5.44&instm=main%2C15.5.0%2CY%3Biblock%2C15.5.0%2CN%3Bsearch%2C15.0.1%2CN%3Bphotogallery%2C15.0.0%2CN%3Bsubscribe%2C15.0.2%2CN%3Bblog%2C15.0.4%2CN%3Blists%2C15.5.1%2CN%3Bbizproc%2C15.5.0%2CN%3Badvertising%2C15.5.0%2CN%3Bhighloadblock%2C15.0.3%2CN%3Blearning%2C15.0.0%2CN%3Bextranet%2C15.0.4%2CN%3Bwiki%2C15.0.0%2CN%3Btranslate%2C14.0.0%2CN%3Bcluster%2C15.0.0%2CN%3Bsocialservices%2C15.5.0%2CN%3Bsecurity%2C15.0.10%2CN%3Bldap%2C15.0.0%2CN%3Bxdimport%2C14.5.1%2CN%3Bwebdav%2C15.0.13%2CN%3Bclouds%2C15.5.0%2CN%3Bintranet%2C15.5.6%2CN%3Bforum%2C15.0.7%2CN%3Bsupport%2C14.5.1%2CN%3Bperfmon%2C15.0.3%2CN%3Bim%2C15.5.5%2CN%3Bworkflow%2C14.5.1%2CN%3Bmobile%2C15.5.2%2CN%3Bmail%2C15.0.4%2CN%3Bidea%2C15.0.1%2CN%3Bsocialnetwork%2C15.5.0%2CN%3Btasks%2C14.5.12%2CN%3Bvoximplant%2C15.5.4%2CN%3Bbitrixcloud%2C15.0.1%2CN%3Bdav%2C15.0.3%2CN%3Bstatistic%2C15.0.1%2CN%3Bmeeting%2C14.5.0%2CN%3Bwebservice%2C11.5.0%2CN%3Bsender%2C15.0.2%2CN%3Bfileman%2C15.5.0%2CN%3Bcatalog%2C15.0.9%2CN%3Bcalendar%2C15.0.3%2CN%3Bcrm%2C15.1.1%2CN%3Bform%2C15.0.1%2CN%3Bscale%2C14.5.2%2CN%3Bdev_module%2C1.1%2CN%3Bbizprocdesigner%2C15.0.1%2CN%3Bsale%2C14.11.10%2CN%3Btimeman%2C15.0.1%2CN%3Bvote%2C15.0.0%2CN%3Bcompression%2C14.0.0%2CN%3Bcurrency%2C15.0.4%2CN%3Bmobileapp%2C15.0.5%2CN%3Bdisk%2C15.5.13%2CN%3Bxmpp%2C15.0.1%2CN%3Bcontroller%2C15.0.1%2CN%3Breport%2C14.5.4%2CN%3Bpull%2C15.5.0%2CN&fullmoduleinfo=Y&SUPD_SRS=RU&SUPD_CMP=N
2015-11-24 21:46:01 -  - exec CUpdateClientPartner::GetHTTPPage
2015-11-24 21:46:02 -  - TIME GetUpdatesList(request) 0.296 sec
2015-11-24 21:46:02 -  - exec CUpdateClientPartner::ParseServerData
2015-11-24 21:46:14 -  - exec CUpdateClientPartner::GetUpdatesList
2015-11-24 21:46:14 -  - exec CUpdateClientPartner::__CollectRequestData
2015-11-24 21:46:14 -  - utf=Y&lang=ru&stable=Y&CANGZIP=Y&SUPD_DBS=MYSQL&XE=N&CLIENT_SITE=localhost&LICENSE_KEY=X&SUPD_STS=1&SUPD_URS=1&SUPD_URSA=1&TYPENC=D&CLIENT_PHPVER=5.4.42&dbv=5.5.44&instm=main%2C15.5.0%2CY%3Biblock%2C15.5.0%2CN%3Bsearch%2C15.0.1%2CN%3Bphotogallery%2C15.0.0%2CN%3Bsubscribe%2C15.0.2%2CN%3Bblog%2C15.0.4%2CN%3Blists%2C15.5.1%2CN%3Bbizproc%2C15.5.0%2CN%3Badvertising%2C15.5.0%2CN%3Bhighloadblock%2C15.0.3%2CN%3Blearning%2C15.0.0%2CN%3Bextranet%2C15.0.4%2CN%3Bwiki%2C15.0.0%2CN%3Btranslate%2C14.0.0%2CN%3Bcluster%2C15.0.0%2CN%3Bsocialservices%2C15.5.0%2CN%3Bsecurity%2C15.0.10%2CN%3Bldap%2C15.0.0%2CN%3Bxdimport%2C14.5.1%2CN%3Bwebdav%2C15.0.13%2CN%3Bclouds%2C15.5.0%2CN%3Bintranet%2C15.5.6%2CN%3Bforum%2C15.0.7%2CN%3Bsupport%2C14.5.1%2CN%3Bperfmon%2C15.0.3%2CN%3Bim%2C15.5.5%2CN%3Bworkflow%2C14.5.1%2CN%3Bmobile%2C15.5.2%2CN%3Bmail%2C15.0.4%2CN%3Bidea%2C15.0.1%2CN%3Bsocialnetwork%2C15.5.0%2CN%3Btasks%2C14.5.12%2CN%3Bvoximplant%2C15.5.4%2CN%3Bbitrixcloud%2C15.0.1%2CN%3Bdav%2C15.0.3%2CN%3Bstatistic%2C15.0.1%2CN%3Bmeeting%2C14.5.0%2CN%3Bwebservice%2C11.5.0%2CN%3Bsender%2C15.0.2%2CN%3Bfileman%2C15.5.0%2CN%3Bcatalog%2C15.0.9%2CN%3Bcalendar%2C15.0.3%2CN%3Bcrm%2C15.1.1%2CN%3Bform%2C15.0.1%2CN%3Bscale%2C14.5.2%2CN%3Bdev_module%2C1.1%2CN%3Bbizprocdesigner%2C15.0.1%2CN%3Bsale%2C14.11.10%2CN%3Btimeman%2C15.0.1%2CN%3Bvote%2C15.0.0%2CN%3Bcompression%2C14.0.0%2CN%3Bcurrency%2C15.0.4%2CN%3Bmobileapp%2C15.0.5%2CN%3Bdisk%2C15.5.13%2CN%3Bxmpp%2C15.0.1%2CN%3Bcontroller%2C15.0.1%2CN%3Breport%2C14.5.4%2CN%3Bpull%2C15.5.0%2CN&fullmoduleinfo=Y&SUPD_SRS=RU&SUPD_CMP=N
2015-11-24 21:46:14 -  - exec CUpdateClientPartner::GetHTTPPage
2015-11-24 21:46:14 -  - TIME GetUpdatesList(request) 0.226 sec
2015-11-24 21:46:14 -  - exec CUpdateClientPartner::ParseServerData
2015-11-24 21:53:44 - Ux11 - Ошибка описания модуля "dd_blank_module"
2015-11-24 21:53:44 -  - exec CUpdateClientPartner::GetUpdatesList
2015-11-24 21:53:44 -  - exec CUpdateClientPartner::__CollectRequestData
2015-11-24 21:53:44 - Ux11 - Ошибка описания модуля "dd_blank_module"
2015-11-24 21:53:44 - NCRD01 - [Ux11] Ошибка описания модуля "dd_blank_module". 
2015-11-24 21:53:44 - GUL01 - Empty query list
2015-11-24 21:53:44 - Ux11 - Ошибка описания модуля "dd_blank_module"
2015-11-24 21:53:50 - Ux11 - Ошибка описания модуля "dd_blank_module"
2015-11-24 21:53:50 -  - exec CUpdateClientPartner::GetUpdatesList
2015-11-24 21:53:50 -  - exec CUpdateClientPartner::__CollectRequestData
2015-11-24 21:53:50 - Ux11 - Ошибка описания модуля "dd_blank_module"
2015-11-24 21:53:50 - NCRD01 - [Ux11] Ошибка описания модуля "dd_blank_module". 
2015-11-24 21:53:50 - GUL01 - Empty query list
2015-11-24 21:53:50 - Ux11 - Ошибка описания модуля "dd_blank_module"
2015-11-24 21:53:51 - Ux11 - Ошибка описания модуля "dd_blank_module"
2015-11-24 21:53:51 -  - exec CUpdateClientPartner::GetUpdatesList
2015-11-24 21:53:51 -  - exec CUpdateClientPartner::__CollectRequestData
2015-11-24 21:53:51 - Ux11 - Ошибка описания модуля "dd_blank_module"
2015-11-24 21:53:51 - NCRD01 - [Ux11] Ошибка описания модуля "dd_blank_module". 
2015-11-24 21:53:51 - GUL01 - Empty query list
2015-11-24 21:53:51 - Ux11 - Ошибка описания модуля "dd_blank_module"
2015-11-24 21:54:07 - Ux11 - Ошибка описания модуля "dd_blank_module"
2015-11-24 21:54:07 -  - exec CUpdateClientPartner::GetUpdatesList
2015-11-24 21:54:07 -  - exec CUpdateClientPartner::__CollectRequestData
2015-11-24 21:54:07 - Ux11 - Ошибка описания модуля "dd_blank_module"
2015-11-24 21:54:07 - NCRD01 - [Ux11] Ошибка описания модуля "dd_blank_module". 
2015-11-24 21:54:07 - GUL01 - Empty query list
2015-11-24 21:54:07 - Ux11 - Ошибка описания модуля "dd_blank_module"
2015-11-24 22:05:10 - Ux11 - Ошибка описания модуля "dd_blank_module"
2015-11-24 22:05:10 -  - exec CUpdateClientPartner::GetUpdatesList
2015-11-24 22:05:10 -  - exec CUpdateClientPartner::__CollectRequestData
2015-11-24 22:05:10 - Ux11 - Ошибка описания модуля "dd_blank_module"
2015-11-24 22:05:10 - NCRD01 - [Ux11] Ошибка описания модуля "dd_blank_module". 
2015-11-24 22:05:10 - GUL01 - Empty query list
2015-11-24 22:05:10 - Ux11 - Ошибка описания модуля "dd_blank_module"
2015-11-24 22:05:13 - Ux11 - Ошибка описания модуля "dd_blank_module"
2015-11-24 22:05:13 -  - exec CUpdateClientPartner::GetUpdatesList
2015-11-24 22:05:13 -  - exec CUpdateClientPartner::__CollectRequestData
2015-11-24 22:05:13 - Ux11 - Ошибка описания модуля "dd_blank_module"
2015-11-24 22:05:13 - NCRD01 - [Ux11] Ошибка описания модуля "dd_blank_module". 
2015-11-24 22:05:13 - GUL01 - Empty query list
2015-11-24 22:05:13 - Ux11 - Ошибка описания модуля "dd_blank_module"
2015-11-24 22:13:48 - Ux11 - Ошибка описания модуля "dd_blank_module"
2015-11-24 22:13:48 -  - exec CUpdateClientPartner::GetUpdatesList
2015-11-24 22:13:48 -  - exec CUpdateClientPartner::__CollectRequestData
2015-11-24 22:13:49 - Ux11 - Ошибка описания модуля "dd_blank_module"
2015-11-24 22:13:49 - NCRD01 - [Ux11] Ошибка описания модуля "dd_blank_module". 
2015-11-24 22:13:49 - GUL01 - Empty query list
2015-11-24 22:13:49 - Ux11 - Ошибка описания модуля "dd_blank_module"
2015-11-24 22:13:55 - Ux11 - Ошибка описания модуля "dd_blank_module"
2015-11-24 22:13:55 -  - exec CUpdateClientPartner::GetUpdatesList
2015-11-24 22:13:55 -  - exec CUpdateClientPartner::__CollectRequestData
2015-11-24 22:13:55 - Ux11 - Ошибка описания модуля "dd_blank_module"
2015-11-24 22:13:55 - NCRD01 - [Ux11] Ошибка описания модуля "dd_blank_module". 
2015-11-24 22:13:55 - GUL01 - Empty query list
2015-11-24 22:13:55 - Ux11 - Ошибка описания модуля "dd_blank_module"
2015-11-24 22:18:57 - Ux11 - Ошибка описания модуля "dd_blank_module"
2015-11-24 22:18:57 -  - exec CUpdateClientPartner::GetUpdatesList
2015-11-24 22:18:57 -  - exec CUpdateClientPartner::__CollectRequestData
2015-11-24 22:18:57 - Ux11 - Ошибка описания модуля "dd_blank_module"
2015-11-24 22:18:57 - NCRD01 - [Ux11] Ошибка описания модуля "dd_blank_module". 
2015-11-24 22:18:57 - GUL01 - Empty query list
2015-11-24 22:18:57 - Ux11 - Ошибка описания модуля "dd_blank_module"
2015-11-24 23:11:49 - Ux11 - Ошибка описания модуля "dd_blank_module"
2015-11-24 23:11:49 -  - exec CUpdateClientPartner::GetUpdatesList
2015-11-24 23:11:49 -  - exec CUpdateClientPartner::__CollectRequestData
2015-11-24 23:11:49 - Ux11 - Ошибка описания модуля "dd_blank_module"
2015-11-24 23:11:49 - NCRD01 - [Ux11] Ошибка описания модуля "dd_blank_module". 
2015-11-24 23:11:49 - GUL01 - Empty query list
2015-11-24 23:11:49 - Ux11 - Ошибка описания модуля "dd_blank_module"
